This is pdfTeX, Version 3.14159265-2.6-1.40.20 (MiKTeX 2.9.6960 64-bit) (preloaded format=pdflatex 2019.2.2)  20 MAR 2019 19:39
entering extended mode
**./TdeGPAE.tex
(TdeGPAE.tex
LaTeX2e <2018-12-01>
(EncabezadoPAE.tex
("C:\Program Files\MiKTeX 2.9\tex/latex/koma-script\scrbook.cls"
Document Class: scrbook 2018/12/30 v3.26a KOMA-Script document class (book)
("C:\Program Files\MiKTeX 2.9\tex/latex/koma-script\scrkbase.sty"
Package: scrkbase 2018/12/30 v3.26a KOMA-Script package (KOMA-Script-dependent 
basics and keyval usage)

("C:\Program Files\MiKTeX 2.9\tex/latex/koma-script\scrbase.sty"
Package: scrbase 2018/12/30 v3.26a KOMA-Script package (KOMA-Script-independent
 basics and keyval usage)

("C:\Program Files\MiKTeX 2.9\tex/latex/graphics\keyval.sty"
Package: keyval 2014/10/28 v1.15 key=value parser (DPC)
\KV@toks@=\toks14
)
("C:\Program Files\MiKTeX 2.9\tex/latex/koma-script\scrlfile.sty"
Package: scrlfile 2018/12/30 v3.26a KOMA-Script package (loading files)
)))
("C:\Program Files\MiKTeX 2.9\tex/latex/koma-script\tocbasic.sty"
Package: tocbasic 2018/12/30 v3.26a KOMA-Script package (handling toc-files)
\scr@dte@tocline@numberwidth=\skip41
\scr@dte@tocline@numbox=\box27
)
Package tocbasic Info: omitting babel extension for `toc'
(tocbasic)             because of feature `nobabel' available
(tocbasic)             for `toc' on input line 136.
Package scrbook Info: You've used standard option `12pt'.
(scrbook)             This is correct!
(scrbook)             Internally I'm using `fontsize=12pt'.
(scrbook)             If you'd like to set the option with \KOMAoptions,
(scrbook)             you'd have to use `fontsize=12pt' there
(scrbook)             instead of `12pt', too.

("C:\Program Files\MiKTeX 2.9\tex/latex/base\fleqn.clo"
File: fleqn.clo 2016/12/29 v1.2b Standard LaTeX option (flush left equations)
\mathindent=\dimen102
Applying: [2015/01/01] Make \[ robust on input line 50.
LaTeX Info: Redefining \[ on input line 51.
Already applied: [0000/00/00] Make \[ robust on input line 62.
Applying: [2015/01/01] Make \] robust on input line 74.
LaTeX Info: Redefining \] on input line 75.
Already applied: [0000/00/00] Make \] robust on input line 83.
)
Class scrbook Info: You've used standard option `openany'.
(scrbook)           This is correct!
(scrbook)           Internally I'm using `open=any'.
(scrbook)           If you'd like to set the option with \KOMAoptions,
(scrbook)           you'd have to use `open=any' there
(scrbook)           instead of `openany', too.
Class scrbook Info: File `scrsize12pt.clo' used to setup font sizes on input li
ne 2358.

("C:\Program Files\MiKTeX 2.9\tex/latex/koma-script\scrsize12pt.clo"
File: scrsize12pt.clo 2018/12/30 v3.26a KOMA-Script font size class option (12p
t)
)
("C:\Program Files\MiKTeX 2.9\tex/latex/koma-script\typearea.sty"
Package: typearea 2018/12/30 v3.26a KOMA-Script package (type area)
\ta@bcor=\skip42
\ta@div=\count80
Package typearea Info: You've used standard option `letterpaper'.
(typearea)             This is correct!
(typearea)             Internally I'm using `paper=letter'.
(typearea)             If you'd like to set the option with \KOMAoptions,
(typearea)             you'd have to use `paper=letter' there
(typearea)             instead of `letterpaper', too.
\ta@hblk=\skip43
\ta@vblk=\skip44
\ta@temp=\skip45
\footheight=\skip46
Package typearea Info: With paper sizes other than (almost) `A4' predefined
(typearea)             DIV values do not exist. Using DIV calculation for good
(typearea)             line width (unless using `version=3.24` or prior).

DIV calculation for typearea with good linewidth.
Package typearea Info: These are the values describing the layout:
(typearea)             DIV  = 8
(typearea)             BCOR = 0.0pt
(typearea)             \paperwidth      = 614.295pt
(typearea)              \textwidth      = 383.9344pt
(typearea)              DIV departure   = 1%
(typearea)              \evensidemargin = 81.30374pt
(typearea)              \oddsidemargin  = 4.51688pt
(typearea)             \paperheight     = 794.96999pt
(typearea)              \textheight     = 505.0pt
(typearea)              \topmargin      = -12.77374pt
(typearea)              \headheight     = 18.125pt
(typearea)              \headsep        = 21.75pt
(typearea)              \topskip        = 12.0pt
(typearea)              \footskip       = 50.75pt
(typearea)              \baselineskip   = 14.5pt
(typearea)              on input line 1714.
)
\c@part=\count81
\c@chapter=\count82
\c@section=\count83
\c@subsection=\count84
\c@subsubsection=\count85
\c@paragraph=\count86
\c@subparagraph=\count87
\scr@dte@chapter@maxnumwidth=\skip47
Class scrbook Info: using compatibility default `afterindent=bysign'
(scrbook)           for `\chapter on input line 5257.
\scr@dte@section@maxnumwidth=\skip48
Class scrbook Info: using compatibility default `runin=bysign'
(scrbook)           for `\section on input line 5267.
Class scrbook Info: using compatibility default `afterindent=bysign'
(scrbook)           for `\section on input line 5267.
\scr@dte@part@maxnumwidth=\skip49
Class scrbook Info: using compatibility default `afterindent=true'
(scrbook)           for `\part on input line 5276.
\scr@dte@subsection@maxnumwidth=\skip50
Class scrbook Info: using compatibility default `runin=bysign'
(scrbook)           for `\subsection on input line 5286.
Class scrbook Info: using compatibility default `afterindent=bysign'
(scrbook)           for `\subsection on input line 5286.
\scr@dte@subsubsection@maxnumwidth=\skip51
Class scrbook Info: using compatibility default `runin=bysign'
(scrbook)           for `\subsubsection on input line 5296.
Class scrbook Info: using compatibility default `afterindent=bysign'
(scrbook)           for `\subsubsection on input line 5296.
\scr@dte@paragraph@maxnumwidth=\skip52
Class scrbook Info: using compatibility default `runin=bysign'
(scrbook)           for `\paragraph on input line 5306.
Class scrbook Info: using compatibility default `afterindent=bysign'
(scrbook)           for `\paragraph on input line 5306.
\scr@dte@subparagraph@maxnumwidth=\skip53
Class scrbook Info: using compatibility default `runin=bysign'
(scrbook)           for `\subparagraph on input line 5316.
Class scrbook Info: using compatibility default `afterindent=bysign'
(scrbook)           for `\subparagraph on input line 5316.
\abovecaptionskip=\skip54
\belowcaptionskip=\skip55
\c@pti@nb@sid@b@x=\box28
Package tocbasic Info: omitting babel extension for `lof'
(tocbasic)             because of feature `nobabel' available
(tocbasic)             for `lof' on input line 6571.
\scr@dte@figure@maxnumwidth=\skip56
\c@figure=\count88
Package tocbasic Info: omitting babel extension for `lot'
(tocbasic)             because of feature `nobabel' available
(tocbasic)             for `lot' on input line 6592.
\scr@dte@table@maxnumwidth=\skip57
\c@table=\count89
Class scrbook Info: Redefining `\numberline' on input line 6765.
\bibindent=\dimen103
) ("C:\Program Files\MiKTeX 2.9\tex/latex/base\inputenc.sty"
Package: inputenc 2018/08/11 v1.3c Input encoding file
\inpenc@prehook=\toks15
\inpenc@posthook=\toks16

("C:\Program Files\MiKTeX 2.9\tex/latex/base\latin1.def"
File: latin1.def 2018/08/11 v1.3c Input encoding file
))
("C:\Program Files\MiKTeX 2.9\tex/generic/babel\babel.sty"
Package: babel 2018/11/13 3.27 The Babel package

("C:\Program Files\MiKTeX 2.9\tex/generic/babel\switch.def"
File: switch.def 2018/11/13 3.27 Babel switching mechanism
)
*************************************
* Local config file bblopts.cfg used
*
(C:\Users\KEVINSTEVEN\AppData\Roaming\MiKTeX\2.9\tex/latex/arabi\bblopts.cfg
File: bblopts.cfg 2005/09/08 v0.1 add Arabic and Farsi to "declared" options of
 babel
)
("C:\Program Files\MiKTeX 2.9\tex/latex/babel-spanish\spanish.ldf"
Language: spanish.ldf 2016/03/03 v5.0p Spanish support from the babel system

("C:\Program Files\MiKTeX 2.9\tex/generic/babel\babel.def"
File: babel.def 2018/11/13 3.27 Babel common definitions
\babel@savecnt=\count90
\U@D=\dimen104

("C:\Program Files\MiKTeX 2.9\tex/generic/babel\txtbabel.def")
\bbl@dirlevel=\count91
)
\es@quottoks=\toks17
\es@quotdepth=\count92
Package babel Info: Making " an active character on input line 561.
Package babel Info: Making . an active character on input line 662.
Package babel Info: Making < an active character on input line 707.
Package babel Info: Making > an active character on input line 707.
))

Class scrbook Warning: Usage of package `fancyhdr' together
(scrbook)              with a KOMA-Script class is not recommended.
(scrbook)              I'd suggest to use 
(scrbook)              package `scrlayer' or `scrlayer-scrpage', because
(scrbook)              they support KOMA-Script classes.
(scrbook)              With `fancyhdr' several features of class `scrbook'
(scrbook)              like options `headsepline', `footsepline' or command
(scrbook)              `\MakeMarkcase' and the commands `\setkomafont' and
(scrbook)              `\addtokomafont' for the page style elements need
(scrbook)              explicite user intervention to work.
(scrbook)              Nevertheless, using requested
(scrbook)              package `fancyhdr' on input line 12.


(C:\Users\KEVINSTEVEN\AppData\Roaming\MiKTeX\2.9\tex/latex/fancyhdr\fancyhdr.st
y
Package: fancyhdr 2019/01/31 v3.10 Extensive control of page headers and footer
s
\f@nch@headwidth=\skip58
\f@nch@O@elh=\skip59
\f@nch@O@erh=\skip60
\f@nch@O@olh=\skip61
\f@nch@O@orh=\skip62
\f@nch@O@elf=\skip63
\f@nch@O@erf=\skip64
\f@nch@O@olf=\skip65
\f@nch@O@orf=\skip66
) ("C:\Program Files\MiKTeX 2.9\tex/latex/graphics\graphicx.sty"
Package: graphicx 2017/06/01 v1.1a Enhanced LaTeX Graphics (DPC,SPQR)

("C:\Program Files\MiKTeX 2.9\tex/latex/graphics\graphics.sty"
Package: graphics 2017/06/25 v1.2c Standard LaTeX Graphics (DPC,SPQR)

("C:\Program Files\MiKTeX 2.9\tex/latex/graphics\trig.sty"
Package: trig 2016/01/03 v1.10 sin cos tan (DPC)
)
("C:\Program Files\MiKTeX 2.9\tex/latex/graphics-cfg\graphics.cfg"
File: graphics.cfg 2016/06/04 v1.11 sample graphics configuration
)
Package graphics Info: Driver file: pdftex.def on input line 99.

("C:\Program Files\MiKTeX 2.9\tex/latex/graphics-def\pdftex.def"
File: pdftex.def 2018/01/08 v1.0l Graphics/color driver for pdftex
))
\Gin@req@height=\dimen105
\Gin@req@width=\dimen106
)
("C:\Program Files\MiKTeX 2.9\tex/latex/graphics\epsfig.sty"
Package: epsfig 2017/06/25 v1.7b (e)psfig emulation (SPQR)
\epsfxsize=\dimen107
\epsfysize=\dimen108
)
("C:\Program Files\MiKTeX 2.9\tex/latex/amsmath\amsmath.sty"
Package: amsmath 2018/12/01 v2.17b AMS math features
\@mathmargin=\skip67

For additional information on amsmath, use the `?' option.
("C:\Program Files\MiKTeX 2.9\tex/latex/amsmath\amstext.sty"
Package: amstext 2000/06/29 v2.01 AMS text

("C:\Program Files\MiKTeX 2.9\tex/latex/amsmath\amsgen.sty"
File: amsgen.sty 1999/11/30 v2.0 generic functions
\@emptytoks=\toks18
\ex@=\dimen109
))
("C:\Program Files\MiKTeX 2.9\tex/latex/amsmath\amsbsy.sty"
Package: amsbsy 1999/11/29 v1.2d Bold Symbols
\pmbraise@=\dimen110
)
("C:\Program Files\MiKTeX 2.9\tex/latex/amsmath\amsopn.sty"
Package: amsopn 2016/03/08 v2.02 operator names
)
\inf@bad=\count93
LaTeX Info: Redefining \frac on input line 223.
\uproot@=\count94
\leftroot@=\count95
LaTeX Info: Redefining \overline on input line 385.
\classnum@=\count96
\DOTSCASE@=\count97
LaTeX Info: Redefining \ldots on input line 482.
LaTeX Info: Redefining \dots on input line 485.
LaTeX Info: Redefining \cdots on input line 606.
\Mathstrutbox@=\box29
\strutbox@=\box30
\big@size=\dimen111
LaTeX Font Info:    Redeclaring font encoding OML on input line 729.
LaTeX Font Info:    Redeclaring font encoding OMS on input line 730.
\macc@depth=\count98
\c@MaxMatrixCols=\count99
\dotsspace@=\muskip10
\c@parentequation=\count100
\dspbrk@lvl=\count101
\tag@help=\toks19
\row@=\count102
\column@=\count103
\maxfields@=\count104
\andhelp@=\toks20
\eqnshift@=\dimen112
\alignsep@=\dimen113
\tagshift@=\dimen114
\tagwidth@=\dimen115
\totwidth@=\dimen116
\lineht@=\dimen117
\@envbody=\toks21
\multlinegap=\skip68
\multlinetaggap=\skip69
\mathdisplay@stack=\toks22
LaTeX Info: Redefining \[ on input line 2844.
LaTeX Info: Redefining \] on input line 2845.
)
("C:\Program Files\MiKTeX 2.9\tex/latex/amsfonts\amssymb.sty"
Package: amssymb 2013/01/14 v3.01 AMS font symbols

("C:\Program Files\MiKTeX 2.9\tex/latex/amsfonts\amsfonts.sty"
Package: amsfonts 2013/01/14 v3.01 Basic AMSFonts support
\symAMSa=\mathgroup4
\symAMSb=\mathgroup5
LaTeX Font Info:    Overwriting math alphabet `\mathfrak' in version `bold'
(Font)                  U/euf/m/n --> U/euf/b/n on input line 106.
))
(C:\Users\KEVINSTEVEN\AppData\Roaming\MiKTeX\2.9\tex/latex/natbib\natbib.sty
Package: natbib 2010/09/13 8.31b (PWD, AO)
\bibhang=\skip70
\bibsep=\skip71
LaTeX Info: Redefining \cite on input line 694.
\c@NAT@ctr=\count105
)
("C:\Program Files\MiKTeX 2.9\tex/latex/tools\tabularx.sty"
Package: tabularx 2016/02/03 v2.11b `tabularx' package (DPC)

("C:\Program Files\MiKTeX 2.9\tex/latex/tools\array.sty"
Package: array 2018/12/30 v2.4k Tabular extension package (FMi)
\col@sep=\dimen118
\ar@mcellbox=\box31
\extrarowheight=\dimen119
\NC@list=\toks23
\extratabsurround=\skip72
\backup@length=\skip73
\ar@cellbox=\box32
)
\TX@col@width=\dimen120
\TX@old@table=\dimen121
\TX@old@col=\dimen122
\TX@target=\dimen123
\TX@delta=\dimen124
\TX@cols=\count106
\TX@ftn=\toks24
)
("C:\Program Files\MiKTeX 2.9\tex/latex/tools\longtable.sty"
Package: longtable 2014/10/28 v4.11 Multi-page Table package (DPC)+ FMi change
\LTleft=\skip74
\LTright=\skip75
\LTpre=\skip76
\LTpost=\skip77
\LTchunksize=\count107
\LTcapwidth=\dimen125
\LT@head=\box33
\LT@firsthead=\box34
\LT@foot=\box35
\LT@lastfoot=\box36
\LT@cols=\count108
\LT@rows=\count109
\c@LT@tables=\count110
\c@LT@chunks=\count111
\LT@p@ftn=\toks25
)
Class scrbook Info: longtable captions redefined on input line 18.

("C:\Program Files\MiKTeX 2.9\tex/latex/hyperref\hyperref.sty"
Package: hyperref 2018/11/30 v6.88e Hypertext links for LaTeX

("C:\Program Files\MiKTeX 2.9\tex/generic/oberdiek\hobsub-hyperref.sty"
Package: hobsub-hyperref 2016/05/16 v1.14 Bundle oberdiek, subset hyperref (HO)


("C:\Program Files\MiKTeX 2.9\tex/generic/oberdiek\hobsub-generic.sty"
Package: hobsub-generic 2016/05/16 v1.14 Bundle oberdiek, subset generic (HO)
Package: hobsub 2016/05/16 v1.14 Construct package bundles (HO)
Package: infwarerr 2016/05/16 v1.4 Providing info/warning/error messages (HO)
Package: ltxcmds 2016/05/16 v1.23 LaTeX kernel commands for general use (HO)
Package: ifluatex 2016/05/16 v1.4 Provides the ifluatex switch (HO)
Package ifluatex Info: LuaTeX not detected.
Package: ifvtex 2016/05/16 v1.6 Detect VTeX and its facilities (HO)
Package ifvtex Info: VTeX not detected.
Package: intcalc 2016/05/16 v1.2 Expandable calculations with integers (HO)
Package: ifpdf 2018/09/07 v3.3 Provides the ifpdf switch
Package: etexcmds 2016/05/16 v1.6 Avoid name clashes with e-TeX commands (HO)
Package: kvsetkeys 2016/05/16 v1.17 Key value parser (HO)
Package: kvdefinekeys 2016/05/16 v1.4 Define keys (HO)
Package: pdftexcmds 2018/09/10 v0.29 Utility functions of pdfTeX for LuaTeX (HO
)
Package pdftexcmds Info: LuaTeX not detected.
Package pdftexcmds Info: \pdf@primitive is available.
Package pdftexcmds Info: \pdf@ifprimitive is available.
Package pdftexcmds Info: \pdfdraftmode found.
Package: pdfescape 2016/05/16 v1.14 Implements pdfTeX's escape features (HO)
Package: bigintcalc 2016/05/16 v1.4 Expandable calculations on big integers (HO
)
Package: bitset 2016/05/16 v1.2 Handle bit-vector datatype (HO)
Package: uniquecounter 2016/05/16 v1.3 Provide unlimited unique counter (HO)
)
Package hobsub Info: Skipping package `hobsub' (already loaded).
Package: letltxmacro 2016/05/16 v1.5 Let assignment for LaTeX macros (HO)
Package: hopatch 2016/05/16 v1.3 Wrapper for package hooks (HO)
Package: xcolor-patch 2016/05/16 xcolor patch
Package: atveryend 2016/05/16 v1.9 Hooks at the very end of document (HO)
Package atveryend Info: \enddocument detected (standard20110627).
Package: atbegshi 2016/06/09 v1.18 At begin shipout hook (HO)
Package: refcount 2016/05/16 v3.5 Data extraction from label references (HO)
Package: hycolor 2016/05/16 v1.8 Color options for hyperref/bookmark (HO)
)
("C:\Program Files\MiKTeX 2.9\tex/generic/ifxetex\ifxetex.sty"
Package: ifxetex 2010/09/12 v0.6 Provides ifxetex conditional
)
("C:\Program Files\MiKTeX 2.9\tex/latex/oberdiek\auxhook.sty"
Package: auxhook 2016/05/16 v1.4 Hooks for auxiliary files (HO)
)
("C:\Program Files\MiKTeX 2.9\tex/latex/oberdiek\kvoptions.sty"
Package: kvoptions 2016/05/16 v3.12 Key value format for package options (HO)
)
\@linkdim=\dimen126
\Hy@linkcounter=\count112
\Hy@pagecounter=\count113

("C:\Program Files\MiKTeX 2.9\tex/latex/hyperref\pd1enc.def"
File: pd1enc.def 2018/11/30 v6.88e Hyperref: PDFDocEncoding definition (HO)
Now handling font encoding PD1 ...
... no UTF-8 mapping file for font encoding PD1
)
\Hy@SavedSpaceFactor=\count114

("C:\Program Files\MiKTeX 2.9\tex/latex/00miktex\hyperref.cfg"
File: hyperref.cfg 2002/06/06 v1.2 hyperref configuration of TeXLive
)
Package hyperref Info: Hyper figures OFF on input line 4519.
Package hyperref Info: Link nesting OFF on input line 4524.
Package hyperref Info: Hyper index ON on input line 4527.
Package hyperref Info: Plain pages OFF on input line 4534.
Package hyperref Info: Backreferencing OFF on input line 4539.
Package hyperref Info: Implicit mode ON; LaTeX internals redefined.
Package hyperref Info: Bookmarks ON on input line 4772.
\c@Hy@tempcnt=\count115

(C:\Users\KEVINSTEVEN\AppData\Roaming\MiKTeX\2.9\tex/latex/url\url.sty
\Urlmuskip=\muskip11
Package: url 2013/09/16  ver 3.4  Verb mode for urls, etc.
)
LaTeX Info: Redefining \url on input line 5125.
\XeTeXLinkMargin=\dimen127
\Fld@menulength=\count116
\Field@Width=\dimen128
\Fld@charsize=\dimen129
Package hyperref Info: Hyper figures OFF on input line 6380.
Package hyperref Info: Link nesting OFF on input line 6385.
Package hyperref Info: Hyper index ON on input line 6388.
Package hyperref Info: backreferencing OFF on input line 6395.
Package hyperref Info: Link coloring OFF on input line 6400.
Package hyperref Info: Link coloring with OCG OFF on input line 6405.
Package hyperref Info: PDF/A mode OFF on input line 6410.
LaTeX Info: Redefining \ref on input line 6450.
LaTeX Info: Redefining \pageref on input line 6454.
\Hy@abspage=\count117
\c@Item=\count118
\c@Hfootnote=\count119
)
Package hyperref Info: Driver (autodetected): hpdftex.

("C:\Program Files\MiKTeX 2.9\tex/latex/hyperref\hpdftex.def"
File: hpdftex.def 2018/11/30 v6.88e Hyperref driver for pdfTeX
\Fld@listcount=\count120
\c@bookmark@seq@number=\count121

("C:\Program Files\MiKTeX 2.9\tex/latex/oberdiek\rerunfilecheck.sty"
Package: rerunfilecheck 2016/05/16 v1.8 Rerun checks for auxiliary files (HO)
Package uniquecounter Info: New unique counter `rerunfilecheck' on input line 2
82.
)
\Hy@SectionHShift=\skip78
)
(C:\Users\KEVINSTEVEN\AppData\Roaming\MiKTeX\2.9\tex/latex/hyphenat\hyphenat.st
y
Package: hyphenat 2009/09/02 v2.3c hyphenation utilities
\langwohyphens=\language76
LaTeX Info: Redefining \_ on input line 43.
) (C:\Users\KEVINSTEVEN\AppData\Roaming\MiKTeX\2.9\tex/latex/ms\ragged2e.sty
Package: ragged2e 2009/05/21 v2.1 ragged2e Package (MS)

(C:\Users\KEVINSTEVEN\AppData\Roaming\MiKTeX\2.9\tex/latex/ms\everysel.sty
Package: everysel 2011/10/28 v1.2 EverySelectfont Package (MS)
)
\CenteringLeftskip=\skip79
\RaggedLeftLeftskip=\skip80
\RaggedRightLeftskip=\skip81
\CenteringRightskip=\skip82
\RaggedLeftRightskip=\skip83
\RaggedRightRightskip=\skip84
\CenteringParfillskip=\skip85
\RaggedLeftParfillskip=\skip86
\RaggedRightParfillskip=\skip87
\JustifyingParfillskip=\skip88
\CenteringParindent=\skip89
\RaggedLeftParindent=\skip90
\RaggedRightParindent=\skip91
\JustifyingParindent=\skip92
))
(TdeGPAE.aux (HojaTitulo/HojaTituloPAE.aux)
LaTeX Info: Redefining \. on input line 26.
LaTeX Info: Redefining \% on input line 26.
 (Introduccion/IntroduccionPAE.aux)
(Kap2/Cap2.aux) (Kap3/Cap3.aux) (Kap4/Cap4.aux

LaTeX Warning: Label `figura1' multiply defined.


LaTeX Warning: Label `figura1' multiply defined.

))
\openout1 = `TdeGPAE.aux'.

LaTeX Font Info:    Checking defaults for OML/cmm/m/it on input line 9.
LaTeX Font Info:    ... okay on input line 9.
LaTeX Font Info:    Checking defaults for T1/cmr/m/n on input line 9.
LaTeX Font Info:    ... okay on input line 9.
LaTeX Font Info:    Checking defaults for OT1/cmr/m/n on input line 9.
LaTeX Font Info:    ... okay on input line 9.
LaTeX Font Info:    Checking defaults for OMS/cmsy/m/n on input line 9.
LaTeX Font Info:    ... okay on input line 9.
LaTeX Font Info:    Checking defaults for OMX/cmex/m/n on input line 9.
LaTeX Font Info:    ... okay on input line 9.
LaTeX Font Info:    Checking defaults for U/cmr/m/n on input line 9.
LaTeX Font Info:    ... okay on input line 9.
LaTeX Font Info:    Checking defaults for PD1/pdf/m/n on input line 9.
LaTeX Font Info:    ... okay on input line 9.
LaTeX Info: Redefining \. on input line 9.
LaTeX Info: Redefining \% on input line 9.

(C:\Users\KEVINSTEVEN\AppData\Roaming\MiKTeX\2.9\tex/context/base\supp-pdf.mkii
[Loading MPS to PDF converter (version 2006.09.02).]
\scratchcounter=\count122
\scratchdimen=\dimen130
\scratchbox=\box37
\nofMPsegments=\count123
\nofMParguments=\count124
\everyMPshowfont=\toks26
\MPscratchCnt=\count125
\MPscratchDim=\dimen131
\MPnumerator=\count126
\makeMPintoPDFobject=\count127
\everyMPtoPDFconversion=\toks27
) ("C:\Program Files\MiKTeX 2.9\tex/latex/oberdiek\epstopdf-base.sty"
Package: epstopdf-base 2016/05/15 v2.6 Base part for package epstopdf

("C:\Program Files\MiKTeX 2.9\tex/latex/oberdiek\grfext.sty"
Package: grfext 2016/05/16 v1.2 Manage graphics extensions (HO)
)
Package epstopdf-base Info: Redefining graphics rule for `.eps' on input line 4
38.
Package grfext Info: Graphics extension search list:
(grfext)             [.pdf,.png,.jpg,.mps,.jpeg,.jbig2,.jb2,.PDF,.PNG,.JPG,.JPE
G,.JBIG2,.JB2,.eps]
(grfext)             \AppendGraphicsExtensions on input line 456.
)
\AtBeginShipoutBox=\box38
Package hyperref Info: Link coloring OFF on input line 9.

("C:\Program Files\MiKTeX 2.9\tex/latex/hyperref\nameref.sty"
Package: nameref 2016/05/21 v2.44 Cross-referencing by name of section

("C:\Program Files\MiKTeX 2.9\tex/generic/oberdiek\gettitlestring.sty"
Package: gettitlestring 2016/05/16 v1.5 Cleanup title references (HO)
)
\c@section@level=\count128
)
LaTeX Info: Redefining \ref on input line 9.
LaTeX Info: Redefining \pageref on input line 9.
LaTeX Info: Redefining \nameref on input line 9.

(TdeGPAE.out) (TdeGPAE.out)
\@outlinefile=\write3
\openout3 = `TdeGPAE.out'.

Class scrbook Info: loading recommended package `bookmark'.
(scrbook)           Using `bookmark' together with `hyperref' is recommended,
(scrbook)           because of handling of possible bookmark level gaps.
(scrbook)           You can avoid loading `bookmark' with KOMA-Script option
(scrbook)           `bookmarkpackage=false' before \begin{document} and
(scrbook)           you can avoid this message with `\usepackage{bookmark}'
(scrbook)           before \begin{document} on input line 9.

("C:\Program Files\MiKTeX 2.9\tex/latex/oberdiek\bookmark.sty"
Package: bookmark 2016/05/17 v1.26 PDF bookmarks (HO)

("C:\Program Files\MiKTeX 2.9\tex/latex/oberdiek\bkm-pdftex.def"
File: bkm-pdftex.def 2016/05/17 v1.26 bookmark driver for pdfTeX (HO)
Package auxhook Info: \AddLineBeginMainAux comes a little late,
(auxhook)             because the main .aux file is already opened on input lin
e 164.
\BKM@id=\count129
))
ABD: EverySelectfont initializing macros
LaTeX Info: Redefining \selectfont on input line 9.
\openout2 = `HojaTitulo/HojaTituloPAE.aux'.

 (HojaTitulo/HojaTituloPAE.tex
Package epstopdf Info: Source file: <HojaTitulo/Fig_HojaTitulo/LogoUV.eps>
(epstopdf)                    date: 2013-03-12 15:32:56
(epstopdf)                    size: 79497 bytes
(epstopdf)             Output file: <HojaTitulo/Fig_HojaTitulo/LogoUV-eps-conve
rted-to.pdf>
(epstopdf)                    date: 2017-11-22 09:07:50
(epstopdf)                    size: 11307 bytes
(epstopdf)             Command: <epstopdf --outfile=HojaTitulo/Fig_HojaTitulo/L
ogoUV-eps-converted-to.pdf HojaTitulo/Fig_HojaTitulo/LogoUV.eps>
(epstopdf)             \includegraphics on input line 6.
Package epstopdf Info: Output file is already uptodate.
<HojaTitulo/Fig_HojaTitulo/LogoUV-eps-converted-to.pdf, id=3, 159.59625pt x 226
.8475pt>
File: HojaTitulo/Fig_HojaTitulo/LogoUV-eps-converted-to.pdf Graphic file (type 
pdf)
<use HojaTitulo/Fig_HojaTitulo/LogoUV-eps-converted-to.pdf>
Package pdftex.def Info: HojaTitulo/Fig_HojaTitulo/LogoUV-eps-converted-to.pdf 
 used on input line 6.
(pdftex.def)             Requested size: 63.83736pt x 90.73738pt.
 [1


{C:/Users/KEVINSTEVEN/AppData/Local/MiKTeX/2.9/pdftex/config/pdftex.map} <./Hoj
aTitulo/Fig_HojaTitulo/LogoUV-eps-converted-to.pdf>] [2


] [3] [4


]) (TdeGPAE.toc
LaTeX Info: Redefining \. on input line 1.
LaTeX Info: Redefining \% on input line 1.
Package tocbasic Info: Using my definition of `\numberline' on input line 2.
Package tocbasic Info: Using my definition of `\numberline' on input line 3.
LaTeX Font Info:    Try loading font information for U+msa on input line 3.

("C:\Program Files\MiKTeX 2.9\tex/latex/amsfonts\umsa.fd"
File: umsa.fd 2013/01/14 v3.01 AMS symbols A
)
LaTeX Font Info:    Try loading font information for U+msb on input line 3.

("C:\Program Files\MiKTeX 2.9\tex/latex/amsfonts\umsb.fd"
File: umsb.fd 2013/01/14 v3.01 AMS symbols B
)
Package tocbasic Info: Using my definition of `\numberline' on input line 4.
Package tocbasic Info: Using my definition of `\numberline' on input line 5.
Package tocbasic Info: Using my definition of `\numberline' on input line 6.
Package tocbasic Info: Using my definition of `\numberline' on input line 7.
Package tocbasic Info: Using my definition of `\numberline' on input line 8.
Package tocbasic Info: Using my definition of `\numberline' on input line 9.
Package tocbasic Info: Using my definition of `\numberline' on input line 10.
Package tocbasic Info: Using my definition of `\numberline' on input line 11.
Package tocbasic Info: Using my definition of `\numberline' on input line 12.
Package tocbasic Info: Using my definition of `\numberline' on input line 13.
Package tocbasic Info: Using my definition of `\numberline' on input line 14.
Package tocbasic Info: Using my definition of `\numberline' on input line 15.
Package tocbasic Info: Using my definition of `\numberline' on input line 16.
)
\tf@toc=\write4
\openout4 = `TdeGPAE.toc'.

 [1


]
\openout2 = `Introduccion/IntroduccionPAE.aux'.


(Introduccion/IntroduccionPAE.tex
chapter 1.
[2


]
LaTeX Info: Redefining \. on input line 29.
LaTeX Info: Redefining \% on input line 29.
 [3]
LaTeX Font Info:    Try loading font information for OMS+cmr on input line 37.
 ("C:\Program Files\MiKTeX 2.9\tex/latex/base\omscmr.fd"
File: omscmr.fd 2014/09/29 v2.5h Standard LaTeX font definitions
)
LaTeX Font Info:    Font shape `OMS/cmr/m/n' in size <12> not available
(Font)              Font shape `OMS/cmsy/m/n' tried instead on input line 37.
LaTeX Info: Redefining \. on input line 44.
LaTeX Info: Redefining \% on input line 44.
 [4])
LaTeX Info: Redefining \. on input line 22.
LaTeX Info: Redefining \% on input line 22.
 [5]
\openout2 = `Kap2/Cap2.aux'.


(Kap2/Cap2.tex
chapter 2.
[6



]
LaTeX Info: Redefining \. on input line 25.
LaTeX Info: Redefining \% on input line 25.
 [7]
Underfull \hbox (badness 3724) in paragraph at lines 33--37
[]\OT1/cmr/m/n/12 Muestreo se-lec-ti-vo o di-ri-gi-do: El mues-treo se-lec-ti-v
o con-sis-te en se-lec-cio-nar
 []

LaTeX Info: Redefining \. on input line 39.
LaTeX Info: Redefining \% on input line 39.
[8]
Underfull \hbox (badness 1102) in paragraph at lines 48--49
\OT1/cmr/m/n/12 gran par-te del mues-treo de acep-ta-cion. Es apli-ca-ble cuan
-do se mues-trea una
 []

LaTeX Info: Redefining \. on input line 58.
LaTeX Info: Redefining \% on input line 58.
[9]
Underfull \hbox (badness 2119) in paragraph at lines 65--66
[]\OT1/cmr/m/n/12 Distribucion pois-son: La dis-tri-bu-cion de Pois-son se ut
i-li-za pa-ra cal-cu-lar las
 []

LaTeX Info: Redefining \. on input line 80.
LaTeX Info: Redefining \% on input line 80.
[10])
LaTeX Info: Redefining \. on input line 23.
LaTeX Info: Redefining \% on input line 23.
 [11]
\openout2 = `Kap3/Cap3.aux'.

 (Kap3/Cap3.tex
chapter 3.
) [12



]
\openout2 = `Kap4/Cap4.aux'.

 (Kap4/Cap4.tex
chapter 4.
<IMAGENES/CR1.png, id=199, 980.16188pt x 210.03468pt>
File: IMAGENES/CR1.png Graphic file (type png)
<use IMAGENES/CR1.png>
Package pdftex.def Info: IMAGENES/CR1.png  used on input line 7.
(pdftex.def)             Requested size: 519.48334pt x 111.31784pt.

Overfull \hbox (50.01288pt too wide) in paragraph at lines 7--9
 [][] 
 []

<IMAGENES/CR2.png, id=201, 980.91469pt x 208.52907pt>
File: IMAGENES/CR2.png Graphic file (type png)
<use IMAGENES/CR2.png>
Package pdftex.def Info: IMAGENES/CR2.png  used on input line 12.
(pdftex.def)             Requested size: 519.88231pt x 110.51987pt.

Overfull \hbox (50.41185pt too wide) in paragraph at lines 12--14
 [][] 
 []


Underfull \vbox (badness 10000) has occurred while \output is active []

 [13



 <./IMAGENES/CR1.png> <./IMAGENES/CR2.png>]
<IMAGENES/PR.png, id=208, 323.70938pt x 301.8778pt>
File: IMAGENES/PR.png Graphic file (type png)
<use IMAGENES/PR.png>
Package pdftex.def Info: IMAGENES/PR.png  used on input line 20.
(pdftex.def)             Requested size: 323.70859pt x 301.87706pt.
)
LaTeX Info: Redefining \. on input line 25.
LaTeX Info: Redefining \% on input line 25.
 [14 <./IMAGENES/PR.png>] (TdeGPAE.bbl

! Class scrbook Error: undefined old font command `\bf'.

See the scrbook class documentation for explanation.
Type  H <return>  for immediate help.
 ...                                              
                                                  
l.17   Calidad Asistencial} {\bf
                                 15},~88--92.
You should note that since 1994 LaTeX2e provides a new font selection scheme
called NFSS2 with several new, combinable font commands. KOMA-Script
classes had defined the old font commands like `\bf' only for compatibility
with old LaTeX 2.09 document styles of Script 2.0. Nevertheless, these
commands are deprecated and undocumented at least since 2003. Since 2013
KOMA-Script classes warned about soon removement of these deprecated commands.
Now, after two decades of LaTeX2e and NFSS2, these commands will not work any
more. If loading a package results in this error message, you should contact
the author of that package and ask him to replace the deprecated font command
`\bf', e.g., by `\normalfont \bfseries `. Otherwise you should reconfigure
or replace the package. If you have used the old font command `\bf' yourself,
you should replace it, e.g., by `\normalfont \bfseries '.
To make it work for now, you can use the already also deprecated class option
`enabledeprecatedfontcommands'.


! Class scrbook Error: undefined old font command `\bf'.

See the scrbook class documentation for explanation.
Type  H <return>  for immediate help.
 ...                                              
                                                  
l.55   {\bf
            44}(2),~204--211.
You should note that since 1994 LaTeX2e provides a new font selection scheme
called NFSS2 with several new, combinable font commands. KOMA-Script
classes had defined the old font commands like `\bf' only for compatibility
with old LaTeX 2.09 document styles of Script 2.0. Nevertheless, these
commands are deprecated and undocumented at least since 2003. Since 2013
KOMA-Script classes warned about soon removement of these deprecated commands.
Now, after two decades of LaTeX2e and NFSS2, these commands will not work any
more. If loading a package results in this error message, you should contact
the author of that package and ask him to replace the deprecated font command
`\bf', e.g., by `\normalfont \bfseries `. Otherwise you should reconfigure
or replace the package. If you have used the old font command `\bf' yourself,
you should replace it, e.g., by `\normalfont \bfseries '.
To make it work for now, you can use the already also deprecated class option
`enabledeprecatedfontcommands'.


Underfull \hbox (badness 1292) in paragraph at lines 52--56
\OT1/cmr/m/n/12 co-mer-cia-les y vi-ve-ros de la republi-ca do-mi-ni-ca-na', \
OT1/cmr/m/it/12 Ca-rib-bean Food Crops So-ciety
 []


! Class scrbook Error: undefined old font command `\bf'.

See the scrbook class documentation for explanation.
Type  H <return>  for immediate help.
 ...                                              
                                                  
l.62 ...tin of the World Health Organization} {\bf
                                                  
You should note that since 1994 LaTeX2e provides a new font selection scheme
called NFSS2 with several new, combinable font commands. KOMA-Script
classes had defined the old font commands like `\bf' only for compatibility
with old LaTeX 2.09 document styles of Script 2.0. Nevertheless, these
commands are deprecated and undocumented at least since 2003. Since 2013
KOMA-Script classes warned about soon removement of these deprecated commands.
Now, after two decades of LaTeX2e and NFSS2, these commands will not work any
more. If loading a package results in this error message, you should contact
the author of that package and ask him to replace the deprecated font command
`\bf', e.g., by `\normalfont \bfseries `. Otherwise you should reconfigure
or replace the package. If you have used the old font command `\bf' yourself,
you should replace it, e.g., by `\normalfont \bfseries '.
To make it work for now, you can use the already also deprecated class option
`enabledeprecatedfontcommands'.


! Class scrbook Error: undefined old font command `\bf'.

See the scrbook class documentation for explanation.
Type  H <return>  for immediate help.
 ...                                              
                                                  
l.76   management', {\em Phytopathology} {\bf
                                              104}(10),~1052--1062.
You should note that since 1994 LaTeX2e provides a new font selection scheme
called NFSS2 with several new, combinable font commands. KOMA-Script
classes had defined the old font commands like `\bf' only for compatibility
with old LaTeX 2.09 document styles of Script 2.0. Nevertheless, these
commands are deprecated and undocumented at least since 2003. Since 2013
KOMA-Script classes warned about soon removement of these deprecated commands.
Now, after two decades of LaTeX2e and NFSS2, these commands will not work any
more. If loading a package results in this error message, you should contact
the author of that package and ask him to replace the deprecated font command
`\bf', e.g., by `\normalfont \bfseries `. Otherwise you should reconfigure
or replace the package. If you have used the old font command `\bf' yourself,
you should replace it, e.g., by `\normalfont \bfseries '.
To make it work for now, you can use the already also deprecated class option
`enabledeprecatedfontcommands'.

[15


]

! Class scrbook Error: undefined old font command `\bf'.

See the scrbook class documentation for explanation.
Type  H <return>  for immediate help.
 ...                                              
                                                  
l.102   Organization} {\bf
                           79}(6),~501--505.
You should note that since 1994 LaTeX2e provides a new font selection scheme
called NFSS2 with several new, combinable font commands. KOMA-Script
classes had defined the old font commands like `\bf' only for compatibility
with old LaTeX 2.09 document styles of Script 2.0. Nevertheless, these
commands are deprecated and undocumented at least since 2003. Since 2013
KOMA-Script classes warned about soon removement of these deprecated commands.
Now, after two decades of LaTeX2e and NFSS2, these commands will not work any
more. If loading a package results in this error message, you should contact
the author of that package and ask him to replace the deprecated font command
`\bf', e.g., by `\normalfont \bfseries `. Otherwise you should reconfigure
or replace the package. If you have used the old font command `\bf' yourself,
you should replace it, e.g., by `\normalfont \bfseries '.
To make it work for now, you can use the already also deprecated class option
`enabledeprecatedfontcommands'.

)
Package atveryend Info: Empty hook `BeforeClearDocument' on input line 30.
LaTeX Info: Redefining \. on input line 30.
LaTeX Info: Redefining \% on input line 30.
 [16]
Package atveryend Info: Empty hook `AfterLastShipout' on input line 30.
 (TdeGPAE.aux (HojaTitulo/HojaTituloPAE.aux)
LaTeX Info: Redefining \. on input line 26.
LaTeX Info: Redefining \% on input line 26.

(Introduccion/IntroduccionPAE.aux) (Kap2/Cap2.aux) (Kap3/Cap3.aux)
(Kap4/Cap4.aux))
Package atveryend Info: Executing hook `AtVeryEndDocument' on input line 30.
Package atveryend Info: Executing hook `AtEndAfterFileList' on input line 30.
Package rerunfilecheck Info: File `TdeGPAE.out' has not changed.
(rerunfilecheck)             Checksum: D41D8CD98F00B204E9800998ECF8427E;0.


LaTeX Warning: There were multiply-defined labels.

Package atveryend Info: Empty hook `AtVeryVeryEnd' on input line 30.
 ) 
Here is how much of TeX's memory you used:
 10306 strings out of 492946
 162285 string characters out of 3135510
 386744 words of memory out of 3000000
 13953 multiletter control sequences out of 15000+200000
 12112 words of font info for 45 fonts, out of 3000000 for 9000
 1141 hyphenation exceptions out of 8191
 43i,12n,66p,9110b,535s stack positions out of 5000i,500n,10000p,200000b,50000s
<C:/Program Files/MiKTeX 2.9/fonts/type1/public/amsfonts/cm/cmbx10.pfb><C:/Pr
ogram Files/MiKTeX 2.9/fonts/type1/public/amsfonts/cm/cmbx12.pfb><C:/Program Fi
les/MiKTeX 2.9/fonts/type1/public/amsfonts/cm/cmex10.pfb><C:/Program Files/MiKT
eX 2.9/fonts/type1/public/amsfonts/cm/cmmi12.pfb><C:/Program Files/MiKTeX 2.9/f
onts/type1/public/amsfonts/cm/cmmi6.pfb><C:/Program Files/MiKTeX 2.9/fonts/type
1/public/amsfonts/cm/cmmi8.pfb><C:/Program Files/MiKTeX 2.9/fonts/type1/public/
amsfonts/cm/cmr10.pfb><C:/Program Files/MiKTeX 2.9/fonts/type1/public/amsfonts/
cm/cmr12.pfb><C:/Program Files/MiKTeX 2.9/fonts/type1/public/amsfonts/cm/cmr8.p
fb><C:/Program Files/MiKTeX 2.9/fonts/type1/public/amsfonts/cm/cmssbx10.pfb><C:
/Program Files/MiKTeX 2.9/fonts/type1/public/amsfonts/cm/cmsy10.pfb><C:/Program
 Files/MiKTeX 2.9/fonts/type1/public/amsfonts/cm/cmsy8.pfb><C:/Program Files/Mi
KTeX 2.9/fonts/type1/public/amsfonts/cm/cmti12.pfb><C:/Program Files/MiKTeX 2.9
/fonts/type1/public/amsfonts/cm/cmtt12.pfb>
Output written on TdeGPAE.pdf (20 pages, 274283 bytes).
PDF statistics:
 330 PDF objects out of 1000 (max. 8388607)
 54 named destinations out of 1000 (max. 500000)
 141 words of extra memory for PDF output out of 10000 (max. 10000000)

